UGTS_KC_3_9_1_Tom_Signature_Android_Source/UGTSKC391Signature/app/build/intermediates/manifest_merge_blame_file/pocoX7ProDebug/processPocoX7ProDebugMainManifest/manifest-merger-blame-pocoX7Pro-debug-report.txt
1<?xml version="1.0" encoding="utf-8"?>
2<manifest xmlns:android="http://schemas.android.com/apk/res/android"
3    package="nl.tomklootwijk.ugtskc.signature.pocox7pro"
4    android:versionCode="391"
5    android:versionName="3.9.1-poco-x7-pro" >
6
7    <uses-sdk
8        android:minSdkVersion="26"
9        android:targetSdkVersion="36" />
10
11    <uses-feature
11-->src\main\AndroidManifest.xml:3:5-78
12        android:glEsVersion="0x00030000"
12-->src\main\AndroidManifest.xml:3:19-51
13        android:required="true" />
13-->src\main\AndroidManifest.xml:3:52-75
14    <uses-feature
14-->src\main\AndroidManifest.xml:4:5-90
15        android:name="android.hardware.touchscreen"
15-->src\main\AndroidManifest.xml:4:19-62
16        android:required="false" />
16-->src\main\AndroidManifest.xml:4:63-87
17    <uses-feature
17-->src\main\AndroidManifest.xml:5:5-86
18        android:name="android.hardware.gamepad"
18-->src\main\AndroidManifest.xml:5:19-58
19        android:required="false" />
19-->src\main\AndroidManifest.xml:5:59-83
20    <uses-feature
20-->src\main\AndroidManifest.xml:6:5-91
21        android:name="android.hardware.vulkan.level"
21-->src\main\AndroidManifest.xml:6:19-63
22        android:required="false" />
22-->src\main\AndroidManifest.xml:6:64-88
23    <uses-feature
23-->src\main\AndroidManifest.xml:7:5-93
24        android:name="android.hardware.vulkan.version"
24-->src\main\AndroidManifest.xml:7:19-65
25        android:required="false" />
25-->src\main\AndroidManifest.xml:7:66-90
26
27    <application
27-->src\main\AndroidManifest.xml:9:5-31:19
28        android:allowBackup="true"
28-->src\main\AndroidManifest.xml:10:9-35
29        android:debuggable="true"
30        android:extractNativeLibs="false"
30-->src\main\AndroidManifest.xml:11:9-42
31        android:fullBackupContent="false"
31-->src\main\AndroidManifest.xml:12:9-42
32        android:hasCode="false"
32-->src\main\AndroidManifest.xml:13:9-32
33        android:label="@string/app_name"
33-->src\main\AndroidManifest.xml:14:9-41
34        android:theme="@style/AppTheme" >
34-->src\main\AndroidManifest.xml:15:9-40
35        <activity
35-->src\main\AndroidManifest.xml:16:9-30:20
36            android:name="android.app.NativeActivity"
36-->src\main\AndroidManifest.xml:17:13-54
37            android:configChanges="orientation|keyboardHidden|screenSize|smallestScreenSize|screenLayout|uiMode|density"
37-->src\main\AndroidManifest.xml:18:13-121
38            android:exported="true"
38-->src\main\AndroidManifest.xml:19:13-36
39            android:launchMode="singleTask"
39-->src\main\AndroidManifest.xml:20:13-44
40            android:resizeableActivity="true"
40-->src\main\AndroidManifest.xml:21:13-46
41            android:screenOrientation="sensorLandscape" >
41-->src\main\AndroidManifest.xml:22:13-56
42            <meta-data
42-->src\main\AndroidManifest.xml:23:13-25:50
43                android:name="android.app.lib_name"
43-->src\main\AndroidManifest.xml:24:17-52
44                android:value="ugts_kc_native" />
44-->src\main\AndroidManifest.xml:25:17-47
45
46            <intent-filter>
46-->src\main\AndroidManifest.xml:26:13-29:29
47                <action android:name="android.intent.action.MAIN" />
47-->src\main\AndroidManifest.xml:27:17-69
47-->src\main\AndroidManifest.xml:27:25-66
48
49                <category android:name="android.intent.category.LAUNCHER" />
49-->src\main\AndroidManifest.xml:28:17-77
49-->src\main\AndroidManifest.xml:28:27-74
50            </intent-filter>
51        </activity>
52    </application>
53
54</manifest>